INFO	2018-08-21 06:53:29,014	0	house.birdsview.Birdsview	[AWT-EventQueue-0]	Exiting...
INFO	2018-08-21 06:56:13,459	0	house.birdsview.Birdsview	[AWT-EventQueue-0]	Add Menu Item selected
INFO	2018-08-21 06:56:18,858	5399	house.birdsview.Birdsview	[AWT-EventQueue-0]	Remove Menu Item selected
INFO	2018-08-21 06:56:24,712	11253	house.birdsview.Birdsview	[AWT-EventQueue-0]	Quit menu item selected...
INFO	2018-10-04 18:43:08,826	0	house.birdsview.Birdsview	[AWT-EventQueue-0]	Add Menu Item selected
INFO	2018-10-04 18:43:12,261	3435	house.birdsview.Birdsview	[AWT-EventQueue-0]	Remove Menu Item selected
INFO	2018-10-04 18:43:43,466	34640	house.birdsview.Birdsview	[AWT-EventQueue-0]	Quit menu item selected...
INFO	2018-10-04 19:06:21,266	3	house.birdsview.Birdsview	[AWT-EventQueue-0]	Add Menu Item selected
INFO	2018-10-04 19:06:33,291	12028	house.birdsview.Birdsview	[AWT-EventQueue-0]	Add Menu Item selected
INFO	2018-10-04 19:06:49,258	27995	house.birdsview.Birdsview	[AWT-EventQueue-0]	Add Menu Item selected
INFO	2018-10-04 19:06:51,721	30458	house.birdsview.Birdsview	[AWT-EventQueue-0]	Quit menu item selected...
INFO	2018-10-04 19:07:52,986	0	house.birdsview.Birdsview	[AWT-EventQueue-0]	Add Menu Item selected
INFO	2018-10-04 19:07:52,999	13	house.birdsview.Birdsview	[AWT-EventQueue-0]	Panel added
INFO	2018-10-04 19:08:00,575	7589	house.birdsview.Birdsview	[AWT-EventQueue-0]	Quit menu item selected...
INFO	2018-10-04 19:09:13,853	0	house.birdsview.Birdsview	[AWT-EventQueue-0]	Add Menu Item selected
INFO	2018-10-04 19:09:13,871	18	house.birdsview.Birdsview	[AWT-EventQueue-0]	Panel added
INFO	2018-10-04 19:09:38,706	24853	house.birdsview.Birdsview	[AWT-EventQueue-0]	Remove Menu Item selected
INFO	2018-10-04 19:09:40,600	26747	house.birdsview.Birdsview	[AWT-EventQueue-0]	Add Menu Item selected
INFO	2018-10-04 19:09:40,606	26753	house.birdsview.Birdsview	[AWT-EventQueue-0]	Panel added
INFO	2018-10-04 19:09:54,427	40574	house.birdsview.Birdsview	[AWT-EventQueue-0]	Quit menu item selected...
INFO	2018-10-04 19:11:19,948	1	house.birdsview.Birdsview	[AWT-EventQueue-0]	Quit menu item selected...
INFO	2018-10-04 19:11:38,261	0	house.birdsview.Birdsview	[AWT-EventQueue-0]	Add Menu Item selected
INFO	2018-10-04 19:11:38,268	7	house.birdsview.Birdsview	[AWT-EventQueue-0]	Panel added
INFO	2018-10-04 19:11:43,211	4950	house.birdsview.Birdsview	[AWT-EventQueue-0]	Quit menu item selected...
INFO	2018-10-04 19:19:33,589	3	house.birdsview.Birdsview	[AWT-EventQueue-0]	Add Menu Item selected
INFO	2018-10-04 19:19:33,604	18	house.birdsview.Birdsview	[AWT-EventQueue-0]	Panel added
INFO	2018-10-04 19:19:45,803	12217	house.birdsview.Birdsview	[AWT-EventQueue-0]	Quit menu item selected...
INFO	2018-10-04 19:20:38,072	0	house.birdsview.Birdsview	[AWT-EventQueue-0]	Add Menu Item selected
INFO	2018-10-04 19:20:38,686	614	house.birdsview.Birdsview	[AWT-EventQueue-0]	Panel added
INFO	2018-10-04 19:20:52,283	14211	house.birdsview.Birdsview	[AWT-EventQueue-0]	Quit menu item selected...
INFO	2018-10-04 19:22:43,547	0	house.birdsview.Birdsview	[AWT-EventQueue-0]	Add Menu Item selected
INFO	2018-10-04 19:22:44,061	514	house.birdsview.Birdsview	[AWT-EventQueue-0]	Panel added
INFO	2018-10-04 19:22:55,579	12032	house.birdsview.Birdsview	[AWT-EventQueue-0]	Quit menu item selected...
INFO	2018-10-05 06:56:24,774	0	house.birdsview.Birdsview	[AWT-EventQueue-0]	Add Menu Item selected
INFO	2018-10-05 06:56:25,244	470	house.birdsview.Birdsview	[AWT-EventQueue-0]	Panel added
INFO	2018-10-05 06:57:03,788	39014	house.birdsview.Birdsview	[AWT-EventQueue-0]	Remove Menu Item selected
INFO	2018-10-05 06:57:55,819	91045	house.birdsview.Birdsview	[AWT-EventQueue-0]	Quit menu item selected...
INFO	2018-10-05 08:48:17,447	0	house.birdsview.Birdsview	[AWT-EventQueue-0]	Quit menu item selected...
INFO	2018-10-05 08:49:19,401	0	house.birdsview.Birdsview	[AWT-EventQueue-0]	Quit menu item selected...
INFO	2018-10-05 08:49:44,525	0	house.birdsview.Birdsview	[AWT-EventQueue-0]	Quit menu item selected...
INFO	2018-10-05 08:50:49,607	0	house.birdsview.Birdsview	[AWT-EventQueue-0]	Add Inventry Menu Item selected
INFO	2018-10-05 08:50:50,108	501	house.birdsview.Birdsview	[AWT-EventQueue-0]	Panel added
INFO	2018-10-05 08:51:00,710	11103	house.birdsview.Birdsview	[AWT-EventQueue-0]	Quit menu item selected...
INFO	2018-10-05 08:56:09,773	0	house.birdsview.Birdsview	[AWT-EventQueue-0]	Quit menu item selected...
INFO	2018-10-05 08:56:39,946	0	house.birdsview.Birdsview	[AWT-EventQueue-0]	Quit menu item selected...
INFO	2018-10-05 08:56:49,893	0	house.birdsview.Birdsview	[AWT-EventQueue-0]	Add Inventry Menu Item selected
INFO	2018-10-05 08:56:50,315	422	house.birdsview.Birdsview	[AWT-EventQueue-0]	Panel added
INFO	2018-10-05 08:56:58,111	8218	house.birdsview.Birdsview	[AWT-EventQueue-0]	Quit menu item selected...
INFO	2018-10-05 09:06:20,475	0	house.birdsview.Birdsview	[AWT-EventQueue-0]	Add Inventry Menu Item selected
INFO	2018-10-05 09:06:20,975	500	house.birdsview.Birdsview	[AWT-EventQueue-0]	Panel added
INFO	2018-10-05 09:06:33,824	13349	house.birdsview.Birdsview	[AWT-EventQueue-0]	Quit menu item selected...
INFO	2018-10-05 09:10:33,213	0	house.birdsview.Birdsview	[AWT-EventQueue-0]	Add Inventry Menu Item selected
INFO	2018-10-05 09:10:33,745	532	house.birdsview.Birdsview	[AWT-EventQueue-0]	Panel added
INFO	2018-10-05 09:10:39,228	6015	house.birdsview.Birdsview	[AWT-EventQueue-0]	Quit menu item selected...
INFO	2018-10-05 09:11:26,490	0	house.birdsview.Birdsview	[AWT-EventQueue-0]	Add Inventry Menu Item selected
INFO	2018-10-05 09:11:26,943	453	house.birdsview.Birdsview	[AWT-EventQueue-0]	Panel added
INFO	2018-10-05 09:11:30,812	4322	house.birdsview.Birdsview	[AWT-EventQueue-0]	Add Inventry Menu Item selected
INFO	2018-10-05 09:11:30,813	4323	house.birdsview.Birdsview	[AWT-EventQueue-0]	Panel added
INFO	2018-10-05 09:11:38,431	11941	house.birdsview.Birdsview	[AWT-EventQueue-0]	Add Inventry Menu Item selected
INFO	2018-10-05 09:11:38,463	11973	house.birdsview.Birdsview	[AWT-EventQueue-0]	Panel added
INFO	2018-10-05 09:11:45,795	19305	house.birdsview.Birdsview	[AWT-EventQueue-0]	Quit menu item selected...
INFO	2018-10-05 09:13:55,735	0	house.birdsview.Birdsview	[AWT-EventQueue-0]	Add Inventry Menu Item selected
INFO	2018-10-05 09:13:55,830	95	house.birdsview.Birdsview	[AWT-EventQueue-0]	Panel added
INFO	2018-10-05 09:14:04,129	8394	house.birdsview.Birdsview	[AWT-EventQueue-0]	Add Inventry Menu Item selected
INFO	2018-10-05 09:14:04,130	8395	house.birdsview.Birdsview	[AWT-EventQueue-0]	Panel added
INFO	2018-10-05 09:14:07,205	11470	house.birdsview.Birdsview	[AWT-EventQueue-0]	Add Inventry Menu Item selected
INFO	2018-10-05 09:14:07,206	11471	house.birdsview.Birdsview	[AWT-EventQueue-0]	Panel added
INFO	2018-10-05 09:14:09,071	13336	house.birdsview.Birdsview	[AWT-EventQueue-0]	Quit menu item selected...
INFO	2018-10-05 09:16:15,503	0	house.birdsview.Birdsview	[AWT-EventQueue-0]	Add Inventry Menu Item selected
INFO	2018-10-05 09:16:15,597	94	house.birdsview.Birdsview	[AWT-EventQueue-0]	Panel added
INFO	2018-10-05 09:16:37,134	21631	house.birdsview.Birdsview	[AWT-EventQueue-0]	Quit menu item selected...
INFO	2018-10-07 10:45:29,264	0	house.birdsview.Birdsview	[AWT-EventQueue-0]	Add Inventry Menu Item selected
INFO	2018-10-07 10:45:29,405	141	house.birdsview.Birdsview	[AWT-EventQueue-0]	Panel added
INFO	2018-10-07 10:45:38,490	9226	house.birdsview.Birdsview	[AWT-EventQueue-0]	Quit menu item selected...
INFO	2018-10-07 10:46:46,377	0	house.birdsview.Birdsview	[AWT-EventQueue-0]	Add Inventry Menu Item selected
INFO	2018-10-07 10:46:46,974	597	house.birdsview.Birdsview	[AWT-EventQueue-0]	Panel added
INFO	2018-10-07 10:46:52,637	6260	house.birdsview.Birdsview	[AWT-EventQueue-0]	Add Inventry Menu Item selected
INFO	2018-10-07 10:46:52,669	6292	house.birdsview.Birdsview	[AWT-EventQueue-0]	Panel added
INFO	2018-10-07 10:47:00,305	13928	house.birdsview.Birdsview	[AWT-EventQueue-0]	Quit menu item selected...
INFO	2018-10-07 11:33:51,858	0	house.birdsview.Birdsview	[AWT-EventQueue-0]	Add Inventry Menu Item selected
INFO	2018-10-07 11:33:52,545	687	house.birdsview.Birdsview	[AWT-EventQueue-0]	Panel added
INFO	2018-10-07 11:38:33,151	281293	house.birdsview.Birdsview	[AWT-EventQueue-0]	Quit menu item selected...
INFO	2018-10-14 11:08:29,642	0	house.birdsview.Birdsview	[AWT-EventQueue-0]	Add Inventry Menu Item selected
INFO	2018-10-14 11:08:30,351	709	house.birdsview.Birdsview	[AWT-EventQueue-0]	Panel added
INFO	2018-10-14 11:09:20,901	51259	house.birdsview.Birdsview	[AWT-EventQueue-0]	Quit menu item selected...
INFO	2018-10-14 11:41:32,454	0	house.birdsview.Birdsview	[AWT-EventQueue-0]	Add Inventry Menu Item selected
INFO	2018-10-14 11:41:32,982	528	house.birdsview.Birdsview	[AWT-EventQueue-0]	Panel added
INFO	2018-10-14 11:42:05,587	33133	house.birdsview.Birdsview	[AWT-EventQueue-0]	Quit menu item selected...
INFO	2018-10-14 11:46:47,651	0	house.birdsview.Birdsview	[AWT-EventQueue-0]	Add Inventry Menu Item selected
INFO	2018-10-14 11:46:48,104	453	house.birdsview.Birdsview	[AWT-EventQueue-0]	Panel added
INFO	2018-10-14 11:47:44,275	56624	house.birdsview.Birdsview	[AWT-EventQueue-0]	Quit menu item selected...
INFO	2018-10-14 11:57:33,103	0	house.birdsview.Birdsview	[AWT-EventQueue-0]	Add Inventry Menu Item selected
INFO	2018-10-14 11:57:33,573	470	house.birdsview.Birdsview	[AWT-EventQueue-0]	Panel added
INFO	2018-10-14 12:04:44,611	431508	house.birdsview.Birdsview	[AWT-EventQueue-0]	Quit menu item selected...
INFO	2018-10-17 07:08:34,614	0	house.dao.DAO	[main]	DAO Class messages - Connected to DB
INFO	2018-10-17 07:08:41,377	6763	house.birdsview.Birdsview	[AWT-EventQueue-0]	Add Inventry Menu Item selected
INFO	2018-10-17 07:08:41,963	7349	house.birdsview.Birdsview	[AWT-EventQueue-0]	Panel added
INFO	2018-10-17 07:09:22,626	48012	house.birdsview.Birdsview	[AWT-EventQueue-0]	Quit menu item selected...
INFO	2018-10-17 07:19:02,556	0	house.dao.DAO	[main]	DAO Class messages - Connected to DB
INFO	2018-10-17 07:19:07,106	4550	house.birdsview.Birdsview	[AWT-EventQueue-0]	Add Inventry Menu Item selected
INFO	2018-10-17 07:19:12,681	10125	house.birdsview.Birdsview	[AWT-EventQueue-0]	Quit menu item selected...
INFO	2018-10-17 08:44:50,826	0	house.dao.DAO	[main]	DAO Class messages - Connected to DB
INFO	2018-10-17 08:44:55,080	4254	house.birdsview.Birdsview	[AWT-EventQueue-0]	Add Inventry Menu Item selected
INFO	2018-10-17 08:44:58,993	8167	house.birdsview.Birdsview	[AWT-EventQueue-0]	Quit menu item selected...
INFO	2018-10-17 08:48:51,879	0	house.dao.DAO	[main]	DAO Class messages - Connected to DB
INFO	2018-10-17 08:48:56,511	4632	house.birdsview.Birdsview	[AWT-EventQueue-0]	Add Inventry Menu Item selected
INFO	2018-10-17 08:50:50,287	0	house.dao.DAO	[main]	DAO Class messages - Connected to DB
INFO	2018-10-17 08:53:30,945	160658	house.birdsview.Birdsview	[AWT-EventQueue-0]	Quit menu item selected...
INFO	2018-10-17 08:53:36,329	0	house.dao.DAO	[main]	DAO Class messages - Connected to DB
INFO	2018-10-17 08:54:55,588	0	house.dao.DAO	[main]	DAO Class messages - Connected to DB
INFO	2018-10-17 08:54:55,588	0	house.dao.DAO	[main]	DAO Class messages - LocationBean [locationID=1, locationName=Kitchen]
INFO	2018-10-17 08:54:55,589	1	house.dao.DAO	[main]	DAO Class messages - LocationBean [locationID=2, locationName=Lounge]
INFO	2018-10-17 08:54:55,589	1	house.dao.DAO	[main]	DAO Class messages - LocationBean [locationID=3, locationName=Dining Room]
INFO	2018-10-17 08:54:55,589	1	house.dao.DAO	[main]	DAO Class messages - LocationBean [locationID=4, locationName=Garage]
INFO	2018-10-17 08:54:55,589	1	house.dao.DAO	[main]	DAO Class messages - LocationBean [locationID=5, locationName=Downstairs Bathroom]
INFO	2018-10-17 08:54:55,589	1	house.dao.DAO	[main]	DAO Class messages - LocationBean [locationID=6, locationName=Main Bedroom]
INFO	2018-10-17 08:54:55,589	1	house.dao.DAO	[main]	DAO Class messages - LocationBean [locationID=7, locationName=Spare Bedroom]
INFO	2018-10-17 08:54:55,589	1	house.dao.DAO	[main]	DAO Class messages - LocationBean [locationID=8, locationName=Hayley Bedroom]
INFO	2018-10-17 08:54:55,589	1	house.dao.DAO	[main]	DAO Class messages - LocationBean [locationID=9, locationName=Main Bathroom]
INFO	2018-10-17 08:54:55,589	1	house.dao.DAO	[main]	DAO Class messages - LocationBean [locationID=10, locationName=Spare Bathroom]
INFO	2018-10-17 08:54:55,589	1	house.dao.DAO	[main]	DAO Class messages - LocationBean [locationID=11, locationName=Garden]
INFO	2018-10-17 08:55:22,496	26908	house.birdsview.Birdsview	[AWT-EventQueue-0]	Add Inventry Menu Item selected
INFO	2018-10-17 08:55:22,953	27365	house.birdsview.Birdsview	[AWT-EventQueue-0]	Panel added
INFO	2018-10-17 09:09:29,207	873619	house.birdsview.Birdsview	[AWT-EventQueue-0]	Quit menu item selected...
INFO	2018-10-17 10:10:43,279	0	house.dao.DAO	[main]	DAO Class messages - Connected to DB
INFO	2018-10-17 10:10:43,280	1	house.dao.DAO	[main]	DAO Class messages - Kitchen
INFO	2018-10-17 10:10:43,280	1	house.dao.DAO	[main]	DAO Class messages - Lounge
INFO	2018-10-17 10:10:43,280	1	house.dao.DAO	[main]	DAO Class messages - Dining Room
INFO	2018-10-17 10:10:43,280	1	house.dao.DAO	[main]	DAO Class messages - Garage
INFO	2018-10-17 10:10:43,280	1	house.dao.DAO	[main]	DAO Class messages - Downstairs Bathroom
INFO	2018-10-17 10:10:43,280	1	house.dao.DAO	[main]	DAO Class messages - Main Bedroom
INFO	2018-10-17 10:10:43,280	1	house.dao.DAO	[main]	DAO Class messages - Spare Bedroom
INFO	2018-10-17 10:10:43,280	1	house.dao.DAO	[main]	DAO Class messages - Hayley Bedroom
INFO	2018-10-17 10:10:43,280	1	house.dao.DAO	[main]	DAO Class messages - Main Bathroom
INFO	2018-10-17 10:10:43,280	1	house.dao.DAO	[main]	DAO Class messages - Spare Bathroom
INFO	2018-10-17 10:10:43,280	1	house.dao.DAO	[main]	DAO Class messages - Garden
INFO	2018-10-17 10:10:47,585	4306	house.birdsview.Birdsview	[AWT-EventQueue-0]	Add Inventry Menu Item selected
INFO	2018-10-17 10:10:48,101	4822	house.birdsview.Birdsview	[AWT-EventQueue-0]	Panel added
INFO	2018-10-17 10:11:01,106	17827	house.birdsview.Birdsview	[AWT-EventQueue-0]	Quit menu item selected...
INFO	2018-10-17 10:55:29,880	0	house.dao.DAO	[main]	DAO Class messages - Connected to DB
INFO	2018-10-17 10:55:29,880	0	house.dao.DAO	[main]	DAO Class messages - Kitchen
INFO	2018-10-17 10:55:29,880	0	house.dao.DAO	[main]	DAO Class messages - Lounge
INFO	2018-10-17 10:55:29,880	0	house.dao.DAO	[main]	DAO Class messages - Dining Room
INFO	2018-10-17 10:55:29,880	0	house.dao.DAO	[main]	DAO Class messages - Garage
INFO	2018-10-17 10:55:29,880	0	house.dao.DAO	[main]	DAO Class messages - Downstairs Bathroom
INFO	2018-10-17 10:55:29,880	0	house.dao.DAO	[main]	DAO Class messages - Main Bedroom
INFO	2018-10-17 10:55:29,880	0	house.dao.DAO	[main]	DAO Class messages - Spare Bedroom
INFO	2018-10-17 10:55:29,880	0	house.dao.DAO	[main]	DAO Class messages - Hayley Bedroom
INFO	2018-10-17 10:55:29,880	0	house.dao.DAO	[main]	DAO Class messages - Main Bathroom
INFO	2018-10-17 10:55:29,880	0	house.dao.DAO	[main]	DAO Class messages - Spare Bathroom
INFO	2018-10-17 10:55:29,880	0	house.dao.DAO	[main]	DAO Class messages - Garden
INFO	2018-10-17 10:55:46,115	16235	house.birdsview.Birdsview	[AWT-EventQueue-0]	Quit menu item selected...
INFO	2018-10-17 11:07:35,081	0	house.dao.DAO	[main]	DAO Class messages - Connected to DB
INFO	2018-10-17 11:07:35,082	1	house.dao.DAO	[main]	DAO Class messages - Kitchen
INFO	2018-10-17 11:07:35,082	1	house.dao.DAO	[main]	DAO Class messages - Lounge
INFO	2018-10-17 11:07:35,082	1	house.dao.DAO	[main]	DAO Class messages - Dining Room
INFO	2018-10-17 11:07:35,082	1	house.dao.DAO	[main]	DAO Class messages - Garage
INFO	2018-10-17 11:07:35,082	1	house.dao.DAO	[main]	DAO Class messages - Downstairs Bathroom
INFO	2018-10-17 11:07:35,082	1	house.dao.DAO	[main]	DAO Class messages - Main Bedroom
INFO	2018-10-17 11:07:35,082	1	house.dao.DAO	[main]	DAO Class messages - Spare Bedroom
INFO	2018-10-17 11:07:35,082	1	house.dao.DAO	[main]	DAO Class messages - Hayley Bedroom
INFO	2018-10-17 11:07:35,082	1	house.dao.DAO	[main]	DAO Class messages - Main Bathroom
INFO	2018-10-17 11:07:35,082	1	house.dao.DAO	[main]	DAO Class messages - Spare Bathroom
INFO	2018-10-17 11:07:35,082	1	house.dao.DAO	[main]	DAO Class messages - Garden
INFO	2018-10-17 11:08:01,233	26152	house.birdsview.Birdsview	[AWT-EventQueue-0]	Birdsview Class messages - View Inventory Menu Item selected
INFO	2018-10-17 11:08:14,862	39781	house.birdsview.Birdsview	[AWT-EventQueue-0]	Birdsview Class messages - View Emergency List Menu Item selected
INFO	2018-10-17 11:08:18,406	43325	house.birdsview.Birdsview	[AWT-EventQueue-0]	Birdsview Class messages - View Policies Menu Item selected
INFO	2018-10-17 11:08:23,675	48594	house.birdsview.Birdsview	[AWT-EventQueue-0]	Birdsview Class messages - Add Inventry Menu Item selected
INFO	2018-10-17 11:08:50,433	75352	house.birdsview.Birdsview	[AWT-EventQueue-0]	Birdsview Class messages - Quit menu item selected...
INFO	2018-10-17 11:32:58,429	0	house.dao.DAO	[main]	DAO Class messages - Connected to DB
INFO	2018-10-17 11:32:58,430	1	house.dao.DAO	[main]	DAO Class messages - Kitchen
INFO	2018-10-17 11:32:58,430	1	house.dao.DAO	[main]	DAO Class messages - Lounge
INFO	2018-10-17 11:32:58,430	1	house.dao.DAO	[main]	DAO Class messages - Dining Room
INFO	2018-10-17 11:32:58,430	1	house.dao.DAO	[main]	DAO Class messages - Garage
INFO	2018-10-17 11:32:58,430	1	house.dao.DAO	[main]	DAO Class messages - Downstairs Bathroom
INFO	2018-10-17 11:32:58,430	1	house.dao.DAO	[main]	DAO Class messages - Main Bedroom
INFO	2018-10-17 11:32:58,430	1	house.dao.DAO	[main]	DAO Class messages - Spare Bedroom
INFO	2018-10-17 11:32:58,430	1	house.dao.DAO	[main]	DAO Class messages - Hayley Bedroom
INFO	2018-10-17 11:32:58,430	1	house.dao.DAO	[main]	DAO Class messages - Main Bathroom
INFO	2018-10-17 11:32:58,430	1	house.dao.DAO	[main]	DAO Class messages - Spare Bathroom
INFO	2018-10-17 11:32:58,430	1	house.dao.DAO	[main]	DAO Class messages - Garden
INFO	2018-10-17 11:33:06,345	7916	house.birdsview.Birdsview	[AWT-EventQueue-0]	Birdsview Class messages - Add Inventry Menu Item selected
INFO	2018-10-17 11:33:25,996	27567	house.birdsview.Birdsview	[AWT-EventQueue-0]	Birdsview Class messages - Quit menu item selected...
INFO	2018-10-17 11:34:05,977	0	house.dao.DAO	[main]	DAO Class messages - Connected to DB
INFO	2018-10-17 11:34:05,992	15	house.dao.DAO	[main]	DAO Class messages - Kitchen
INFO	2018-10-17 11:34:05,992	15	house.dao.DAO	[main]	DAO Class messages - Lounge
INFO	2018-10-17 11:34:05,992	15	house.dao.DAO	[main]	DAO Class messages - Dining Room
INFO	2018-10-17 11:34:05,992	15	house.dao.DAO	[main]	DAO Class messages - Garage
INFO	2018-10-17 11:34:05,992	15	house.dao.DAO	[main]	DAO Class messages - Downstairs Bathroom
INFO	2018-10-17 11:34:05,992	15	house.dao.DAO	[main]	DAO Class messages - Main Bedroom
INFO	2018-10-17 11:34:05,992	15	house.dao.DAO	[main]	DAO Class messages - Spare Bedroom
INFO	2018-10-17 11:34:05,992	15	house.dao.DAO	[main]	DAO Class messages - Hayley Bedroom
INFO	2018-10-17 11:34:05,992	15	house.dao.DAO	[main]	DAO Class messages - Main Bathroom
INFO	2018-10-17 11:34:05,992	15	house.dao.DAO	[main]	DAO Class messages - Spare Bathroom
INFO	2018-10-17 11:34:05,992	15	house.dao.DAO	[main]	DAO Class messages - Garden
INFO	2018-10-17 11:34:11,073	5096	house.birdsview.Birdsview	[AWT-EventQueue-0]	Birdsview Class messages - Add Inventry Menu Item selected
INFO	2018-10-17 11:34:21,663	15686	house.birdsview.Birdsview	[AWT-EventQueue-0]	Birdsview Class messages - Quit menu item selected...
INFO	2018-10-17 13:18:27,397	0	house.dao.DAO	[main]	DAO Class messages - Connected to DB
INFO	2018-10-17 13:18:27,412	15	house.dao.DAO	[main]	DAO Class messages - Kitchen
INFO	2018-10-17 13:18:27,412	15	house.dao.DAO	[main]	DAO Class messages - Lounge
INFO	2018-10-17 13:18:27,412	15	house.dao.DAO	[main]	DAO Class messages - Dining Room
INFO	2018-10-17 13:18:27,412	15	house.dao.DAO	[main]	DAO Class messages - Garage
INFO	2018-10-17 13:18:27,412	15	house.dao.DAO	[main]	DAO Class messages - Downstairs Bathroom
INFO	2018-10-17 13:18:27,412	15	house.dao.DAO	[main]	DAO Class messages - Main Bedroom
INFO	2018-10-17 13:18:27,412	15	house.dao.DAO	[main]	DAO Class messages - Spare Bedroom
INFO	2018-10-17 13:18:27,412	15	house.dao.DAO	[main]	DAO Class messages - Hayley Bedroom
INFO	2018-10-17 13:18:27,412	15	house.dao.DAO	[main]	DAO Class messages - Main Bathroom
INFO	2018-10-17 13:18:27,412	15	house.dao.DAO	[main]	DAO Class messages - Spare Bathroom
INFO	2018-10-17 13:18:27,412	15	house.dao.DAO	[main]	DAO Class messages - Garden
INFO	2018-10-17 13:18:35,812	8415	house.birdsview.Birdsview	[AWT-EventQueue-0]	Birdsview Class messages - Add Inventry Menu Item selected
INFO	2018-10-17 13:22:39,894	252497	house.birdsview.Birdsview	[AWT-EventQueue-0]	Birdsview Class messages - Quit menu item selected...
INFO	2018-10-17 13:22:44,701	0	house.dao.DAO	[main]	DAO Class messages - Connected to DB
INFO	2018-10-17 13:22:44,717	16	house.dao.DAO	[main]	DAO Class messages - Kitchen
INFO	2018-10-17 13:22:44,717	16	house.dao.DAO	[main]	DAO Class messages - Lounge
INFO	2018-10-17 13:22:44,717	16	house.dao.DAO	[main]	DAO Class messages - Dining Room
INFO	2018-10-17 13:22:44,717	16	house.dao.DAO	[main]	DAO Class messages - Garage
INFO	2018-10-17 13:22:44,717	16	house.dao.DAO	[main]	DAO Class messages - Downstairs Bathroom
INFO	2018-10-17 13:22:44,717	16	house.dao.DAO	[main]	DAO Class messages - Main Bedroom
INFO	2018-10-17 13:22:44,717	16	house.dao.DAO	[main]	DAO Class messages - Spare Bedroom
INFO	2018-10-17 13:22:44,717	16	house.dao.DAO	[main]	DAO Class messages - Hayley Bedroom
INFO	2018-10-17 13:22:44,717	16	house.dao.DAO	[main]	DAO Class messages - Main Bathroom
INFO	2018-10-17 13:22:44,717	16	house.dao.DAO	[main]	DAO Class messages - Spare Bathroom
INFO	2018-10-17 13:22:44,717	16	house.dao.DAO	[main]	DAO Class messages - Garden
INFO	2018-10-17 13:22:51,687	6986	house.birdsview.Birdsview	[AWT-EventQueue-0]	Birdsview Class messages - Add Inventry Menu Item selected
INFO	2018-10-17 13:22:51,798	7097	house.birdsview.Birdsview	[AWT-EventQueue-0]	Birdsview Class messages - Setting up South Panel
INFO	2018-10-17 13:25:30,169	165468	house.birdsview.Birdsview	[AWT-EventQueue-0]	Birdsview Class messages - Quit menu item selected...
INFO	2018-10-17 13:25:34,342	0	house.dao.DAO	[main]	DAO Class messages - Connected to DB
INFO	2018-10-17 13:25:34,343	1	house.dao.DAO	[main]	DAO Class messages - Kitchen
INFO	2018-10-17 13:25:34,343	1	house.dao.DAO	[main]	DAO Class messages - Lounge
INFO	2018-10-17 13:25:34,343	1	house.dao.DAO	[main]	DAO Class messages - Dining Room
INFO	2018-10-17 13:25:34,343	1	house.dao.DAO	[main]	DAO Class messages - Garage
INFO	2018-10-17 13:25:34,343	1	house.dao.DAO	[main]	DAO Class messages - Downstairs Bathroom
INFO	2018-10-17 13:25:34,343	1	house.dao.DAO	[main]	DAO Class messages - Main Bedroom
INFO	2018-10-17 13:25:34,343	1	house.dao.DAO	[main]	DAO Class messages - Spare Bedroom
INFO	2018-10-17 13:25:34,343	1	house.dao.DAO	[main]	DAO Class messages - Hayley Bedroom
INFO	2018-10-17 13:25:34,343	1	house.dao.DAO	[main]	DAO Class messages - Main Bathroom
INFO	2018-10-17 13:25:34,343	1	house.dao.DAO	[main]	DAO Class messages - Spare Bathroom
INFO	2018-10-17 13:25:34,343	1	house.dao.DAO	[main]	DAO Class messages - Garden
INFO	2018-10-17 13:25:41,420	7078	house.birdsview.Birdsview	[AWT-EventQueue-0]	Birdsview Class messages - Add Inventry Menu Item selected
INFO	2018-10-17 13:25:41,561	7219	house.birdsview.Birdsview	[AWT-EventQueue-0]	Birdsview Class messages - Setting up South Panel
INFO	2018-10-17 13:26:14,090	39748	house.birdsview.Birdsview	[AWT-EventQueue-0]	Birdsview Class messages - Quit menu item selected...
INFO	2018-10-17 13:28:54,923	0	house.dao.DAO	[main]	DAO Class messages - Connected to DB
INFO	2018-10-17 13:28:54,924	1	house.dao.DAO	[main]	DAO Class messages - Kitchen
INFO	2018-10-17 13:28:54,924	1	house.dao.DAO	[main]	DAO Class messages - Lounge
INFO	2018-10-17 13:28:54,924	1	house.dao.DAO	[main]	DAO Class messages - Dining Room
INFO	2018-10-17 13:28:54,924	1	house.dao.DAO	[main]	DAO Class messages - Garage
INFO	2018-10-17 13:28:54,924	1	house.dao.DAO	[main]	DAO Class messages - Downstairs Bathroom
INFO	2018-10-17 13:28:54,924	1	house.dao.DAO	[main]	DAO Class messages - Main Bedroom
INFO	2018-10-17 13:28:54,924	1	house.dao.DAO	[main]	DAO Class messages - Spare Bedroom
INFO	2018-10-17 13:28:54,924	1	house.dao.DAO	[main]	DAO Class messages - Hayley Bedroom
INFO	2018-10-17 13:28:54,924	1	house.dao.DAO	[main]	DAO Class messages - Main Bathroom
INFO	2018-10-17 13:28:54,924	1	house.dao.DAO	[main]	DAO Class messages - Spare Bathroom
INFO	2018-10-17 13:28:54,924	1	house.dao.DAO	[main]	DAO Class messages - Garden
INFO	2018-10-17 13:29:04,309	9386	house.birdsview.Birdsview	[AWT-EventQueue-0]	Birdsview Class messages - Add Inventry Menu Item selected
INFO	2018-10-17 13:29:04,434	9511	house.birdsview.Birdsview	[AWT-EventQueue-0]	Birdsview Class messages - Setting up South Panel
INFO	2018-10-17 13:41:43,976	769053	house.birdsview.Birdsview	[AWT-EventQueue-0]	Birdsview Class messages - Quit menu item selected...
INFO	2018-10-17 13:41:54,241	0	house.dao.DAO	[main]	DAO Class messages - Connected to DB
INFO	2018-10-17 13:41:54,242	1	house.dao.DAO	[main]	DAO Class messages - Kitchen
INFO	2018-10-17 13:41:54,242	1	house.dao.DAO	[main]	DAO Class messages - Lounge
INFO	2018-10-17 13:41:54,242	1	house.dao.DAO	[main]	DAO Class messages - Dining Room
INFO	2018-10-17 13:41:54,242	1	house.dao.DAO	[main]	DAO Class messages - Garage
INFO	2018-10-17 13:41:54,242	1	house.dao.DAO	[main]	DAO Class messages - Downstairs Bathroom
INFO	2018-10-17 13:41:54,242	1	house.dao.DAO	[main]	DAO Class messages - Main Bedroom
INFO	2018-10-17 13:41:54,242	1	house.dao.DAO	[main]	DAO Class messages - Spare Bedroom
INFO	2018-10-17 13:41:54,242	1	house.dao.DAO	[main]	DAO Class messages - Hayley Bedroom
INFO	2018-10-17 13:41:54,242	1	house.dao.DAO	[main]	DAO Class messages - Main Bathroom
INFO	2018-10-17 13:41:54,242	1	house.dao.DAO	[main]	DAO Class messages - Spare Bathroom
INFO	2018-10-17 13:41:54,242	1	house.dao.DAO	[main]	DAO Class messages - Garden
INFO	2018-10-17 13:42:23,728	29487	house.birdsview.Birdsview	[AWT-EventQueue-0]	Birdsview Class messages - Add Inventry Menu Item selected
INFO	2018-10-17 13:42:23,854	29613	house.birdsview.Birdsview	[AWT-EventQueue-0]	Birdsview Class messages - Setting up South Panel
INFO	2018-10-17 13:43:24,980	90739	house.birdsview.Birdsview	[AWT-EventQueue-0]	Birdsview Class messages - Quit menu item selected...
INFO	2018-10-17 13:47:39,920	0	house.dao.DAO	[main]	DAO Class messages - Connected to DB
INFO	2018-10-17 13:47:39,930	10	house.dao.DAO	[main]	DAO Class messages - Kitchen
INFO	2018-10-17 13:47:39,930	10	house.dao.DAO	[main]	DAO Class messages - Lounge
INFO	2018-10-17 13:47:39,930	10	house.dao.DAO	[main]	DAO Class messages - Dining Room
INFO	2018-10-17 13:47:39,930	10	house.dao.DAO	[main]	DAO Class messages - Garage
INFO	2018-10-17 13:47:39,930	10	house.dao.DAO	[main]	DAO Class messages - Downstairs Bathroom
INFO	2018-10-17 13:47:39,930	10	house.dao.DAO	[main]	DAO Class messages - Main Bedroom
INFO	2018-10-17 13:47:39,930	10	house.dao.DAO	[main]	DAO Class messages - Spare Bedroom
INFO	2018-10-17 13:47:39,930	10	house.dao.DAO	[main]	DAO Class messages - Hayley Bedroom
INFO	2018-10-17 13:47:39,930	10	house.dao.DAO	[main]	DAO Class messages - Main Bathroom
INFO	2018-10-17 13:47:39,930	10	house.dao.DAO	[main]	DAO Class messages - Spare Bathroom
INFO	2018-10-17 13:47:39,930	10	house.dao.DAO	[main]	DAO Class messages - Garden
INFO	2018-10-17 13:47:46,768	6848	house.birdsview.Birdsview	[AWT-EventQueue-0]	Birdsview Class messages - Add Inventry Menu Item selected
INFO	2018-10-17 13:47:46,894	6974	house.birdsview.Birdsview	[AWT-EventQueue-0]	Birdsview Class messages - Setting up South Panel
INFO	2018-10-17 13:48:14,478	34558	house.inventry.AddInventryItem	[AWT-EventQueue-0]	Pressing the Submit button
INFO	2018-10-17 13:48:14,478	34558	house.inventry.AddInventryItem	[AWT-EventQueue-0]	Name: fsafaf
Serial No: adsfasdfas
Item Location: Lounge
Item Value: 100000.00
Item Description: asdfasdfasdfa
ItemAttached: TV_Pic2.jpg
INFO	2018-10-17 13:52:41,038	301118	house.birdsview.Birdsview	[AWT-EventQueue-0]	Birdsview Class messages - Quit menu item selected...
INFO	2018-10-18 06:20:27,508	0	house.dao.DAO	[main]	DAO Class messages - Connected to DB
INFO	2018-10-18 06:20:27,509	1	house.dao.DAO	[main]	DAO Class messages - Kitchen
INFO	2018-10-18 06:20:27,509	1	house.dao.DAO	[main]	DAO Class messages - Lounge
INFO	2018-10-18 06:20:27,509	1	house.dao.DAO	[main]	DAO Class messages - Dining Room
INFO	2018-10-18 06:20:27,509	1	house.dao.DAO	[main]	DAO Class messages - Garage
INFO	2018-10-18 06:20:27,509	1	house.dao.DAO	[main]	DAO Class messages - Downstairs Bathroom
INFO	2018-10-18 06:20:27,509	1	house.dao.DAO	[main]	DAO Class messages - Main Bedroom
INFO	2018-10-18 06:20:27,509	1	house.dao.DAO	[main]	DAO Class messages - Spare Bedroom
INFO	2018-10-18 06:20:27,509	1	house.dao.DAO	[main]	DAO Class messages - Hayley Bedroom
INFO	2018-10-18 06:20:27,509	1	house.dao.DAO	[main]	DAO Class messages - Main Bathroom
INFO	2018-10-18 06:20:27,509	1	house.dao.DAO	[main]	DAO Class messages - Spare Bathroom
INFO	2018-10-18 06:20:27,509	1	house.dao.DAO	[main]	DAO Class messages - Garden
INFO	2018-10-18 06:20:38,594	11086	house.birdsview.Birdsview	[AWT-EventQueue-0]	Birdsview Class messages - Add Inventry Menu Item selected
INFO	2018-10-18 06:20:38,767	11259	house.birdsview.Birdsview	[AWT-EventQueue-0]	Birdsview Class messages - Setting up South Panel
INFO	2018-10-18 06:21:42,101	74593	house.inventry.AddInventryItem	[AWT-EventQueue-0]	Pressing the Submit button
INFO	2018-10-18 06:21:42,101	74593	house.inventry.AddInventryItem	[AWT-EventQueue-0]	Name: fghdfh
Model No: sdfdjl
Serial No: dsfjlk-dfkjsg
Item Location: Dining Room
Item Value: 1000
Item Description: ksdjf sdlkjf sdlkfj 	
ItemAttached: profile.jpg
INFO	2018-10-18 06:21:42,102	74594	house.inventry.AddInventryItem	[AWT-EventQueue-0]	AddInventoryItem Class Message - InventoryItemBean [itemName=fghdfh, itemModel=sdfdjl, itemSerialNo=dsfjlk-dfkjsg, itemLocation=Dining Room, itemValue=1000, itemDescription=ksdjf sdlkjf sdlkfj 	, itemAttached=profile.jpg]
INFO	2018-10-18 06:49:19,896	0	house.dao.DAO	[main]	DAO Class messages - Connected to DB
INFO	2018-10-18 06:49:19,897	1	house.dao.DAO	[main]	DAO Class messages - Kitchen
INFO	2018-10-18 06:49:19,897	1	house.dao.DAO	[main]	DAO Class messages - Lounge
INFO	2018-10-18 06:49:19,897	1	house.dao.DAO	[main]	DAO Class messages - Dining Room
INFO	2018-10-18 06:49:19,897	1	house.dao.DAO	[main]	DAO Class messages - Garage
INFO	2018-10-18 06:49:19,897	1	house.dao.DAO	[main]	DAO Class messages - Downstairs Bathroom
INFO	2018-10-18 06:49:19,897	1	house.dao.DAO	[main]	DAO Class messages - Main Bedroom
INFO	2018-10-18 06:49:19,897	1	house.dao.DAO	[main]	DAO Class messages - Spare Bedroom
INFO	2018-10-18 06:49:19,897	1	house.dao.DAO	[main]	DAO Class messages - Hayley Bedroom
INFO	2018-10-18 06:49:19,897	1	house.dao.DAO	[main]	DAO Class messages - Main Bathroom
INFO	2018-10-18 06:49:19,897	1	house.dao.DAO	[main]	DAO Class messages - Spare Bathroom
INFO	2018-10-18 06:49:19,897	1	house.dao.DAO	[main]	DAO Class messages - Garden
INFO	2018-10-18 06:49:48,991	29095	house.birdsview.Birdsview	[AWT-EventQueue-0]	Birdsview Class messages - Add Inventry Menu Item selected
INFO	2018-10-18 06:49:49,132	29236	house.birdsview.Birdsview	[AWT-EventQueue-0]	Birdsview Class messages - Setting up South Panel
INFO	2018-10-18 06:50:05,779	45883	house.inventry.AddInventryItem	[AWT-EventQueue-0]	Pressing the Submit button
INFO	2018-10-18 06:50:05,779	45883	house.inventry.AddInventryItem	[AWT-EventQueue-0]	Name: 
Model No: 
Serial No: 
Item Location: Dining Room
Item Value: 
Item Description: 
ItemAttached: TV_Pic2.jpg
INFO	2018-10-18 06:50:44,483	84587	house.birdsview.Birdsview	[AWT-EventQueue-0]	Birdsview Class messages - Quit menu item selected...
INFO	2018-10-18 08:09:58,153	6570645	house.birdsview.Birdsview	[AWT-EventQueue-0]	Birdsview Class messages - Quit menu item selected...
INFO	2018-10-18 08:10:10,919	0	house.dao.DAO	[main]	DAO Class messages - Connected to DB
INFO	2018-10-18 08:10:10,935	16	house.dao.DAO	[main]	DAO Class messages - Kitchen
INFO	2018-10-18 08:10:10,935	16	house.dao.DAO	[main]	DAO Class messages - Lounge
INFO	2018-10-18 08:10:10,935	16	house.dao.DAO	[main]	DAO Class messages - Dining Room
INFO	2018-10-18 08:10:10,935	16	house.dao.DAO	[main]	DAO Class messages - Garage
INFO	2018-10-18 08:10:10,935	16	house.dao.DAO	[main]	DAO Class messages - Downstairs Bathroom
INFO	2018-10-18 08:10:10,935	16	house.dao.DAO	[main]	DAO Class messages - Main Bedroom
INFO	2018-10-18 08:10:10,935	16	house.dao.DAO	[main]	DAO Class messages - Spare Bedroom
INFO	2018-10-18 08:10:10,935	16	house.dao.DAO	[main]	DAO Class messages - Hayley Bedroom
INFO	2018-10-18 08:10:10,935	16	house.dao.DAO	[main]	DAO Class messages - Main Bathroom
INFO	2018-10-18 08:10:10,935	16	house.dao.DAO	[main]	DAO Class messages - Spare Bathroom
INFO	2018-10-18 08:10:10,935	16	house.dao.DAO	[main]	DAO Class messages - Garden
INFO	2018-10-18 08:10:15,473	4554	house.birdsview.Birdsview	[AWT-EventQueue-0]	Birdsview Class messages - Add Inventry Menu Item selected
INFO	2018-10-18 08:10:15,601	4682	house.birdsview.Birdsview	[AWT-EventQueue-0]	Birdsview Class messages - Setting up South Panel
INFO	2018-10-18 08:11:20,586	69667	house.inventry.AddInventryItem	[AWT-EventQueue-0]	Pressing the Submit button
INFO	2018-10-18 08:11:20,586	69667	house.inventry.AddInventryItem	[AWT-EventQueue-0]	Name: Hyundai
Model No: I20 1.4
Serial No: blahblah
Item Location: Garage
Item Value: 85000
Item Description: My Car
ItemAttached: IMG_1352.JPG
INFO	2018-10-18 08:14:06,509	235590	house.birdsview.Birdsview	[AWT-EventQueue-0]	Birdsview Class messages - Quit menu item selected...
INFO	2018-10-18 08:14:35,470	0	house.dao.DAO	[main]	DAO Class messages - Connected to DB
INFO	2018-10-18 08:14:35,486	16	house.dao.DAO	[main]	DAO Class messages - Kitchen
INFO	2018-10-18 08:14:35,486	16	house.dao.DAO	[main]	DAO Class messages - Lounge
INFO	2018-10-18 08:14:35,486	16	house.dao.DAO	[main]	DAO Class messages - Dining Room
INFO	2018-10-18 08:14:35,486	16	house.dao.DAO	[main]	DAO Class messages - Garage
INFO	2018-10-18 08:14:35,486	16	house.dao.DAO	[main]	DAO Class messages - Downstairs Bathroom
INFO	2018-10-18 08:14:35,486	16	house.dao.DAO	[main]	DAO Class messages - Main Bedroom
INFO	2018-10-18 08:14:35,486	16	house.dao.DAO	[main]	DAO Class messages - Spare Bedroom
INFO	2018-10-18 08:14:35,486	16	house.dao.DAO	[main]	DAO Class messages - Hayley Bedroom
INFO	2018-10-18 08:14:35,486	16	house.dao.DAO	[main]	DAO Class messages - Main Bathroom
INFO	2018-10-18 08:14:35,486	16	house.dao.DAO	[main]	DAO Class messages - Spare Bathroom
INFO	2018-10-18 08:14:35,486	16	house.dao.DAO	[main]	DAO Class messages - Garden
INFO	2018-10-18 08:14:52,013	16543	house.birdsview.Birdsview	[AWT-EventQueue-0]	Birdsview Class messages - Add Inventry Menu Item selected
INFO	2018-10-18 08:14:52,140	16670	house.birdsview.Birdsview	[AWT-EventQueue-0]	Birdsview Class messages - Setting up South Panel
INFO	2018-10-18 08:15:48,712	73242	house.inventry.AddInventryItem	[AWT-EventQueue-0]	Pressing the Submit button
INFO	2018-10-18 08:15:48,712	73242	house.inventry.AddInventryItem	[AWT-EventQueue-0]	Name: Hyundai
Model No: I20 1.4
Serial No: lkasd
Item Location: Garage
Item Value: 85000
Item Description: My Car
ItemAttached: IMG_1352.JPG
INFO	2018-10-18 08:15:48,729	73259	house.inventry.AddInventryItem	[AWT-EventQueue-0]	AddInventoryItem Class Message - InventoryItemBean [itemName=Hyundai, itemModel=I20 1.4, itemSerialNo=lkasd, itemLocation=Garage, itemValue=85000, itemDescription=My Car, itemAttached=IMG_1352.JPG]
INFO	2018-10-18 08:16:49,562	134092	house.inventry.AddInventryItem	[AWT-EventQueue-0]	Pressing the cancel button
INFO	2018-10-18 08:16:52,845	137375	house.birdsview.Birdsview	[AWT-EventQueue-0]	Birdsview Class messages - Quit menu item selected...
INFO	2018-11-11 11:22:19,166	0	house.dao.DAO	[main]	DAO Class messages - Connected to DB
INFO	2018-11-11 11:22:19,204	38	house.dao.DAO	[main]	DAO Class messages - Kitchen
INFO	2018-11-11 11:22:19,204	38	house.dao.DAO	[main]	DAO Class messages - Lounge
INFO	2018-11-11 11:22:19,204	38	house.dao.DAO	[main]	DAO Class messages - Dining Room
INFO	2018-11-11 11:22:19,204	38	house.dao.DAO	[main]	DAO Class messages - Garage
INFO	2018-11-11 11:22:19,204	38	house.dao.DAO	[main]	DAO Class messages - Downstairs Bathroom
INFO	2018-11-11 11:22:19,204	38	house.dao.DAO	[main]	DAO Class messages - Main Bedroom
INFO	2018-11-11 11:22:19,204	38	house.dao.DAO	[main]	DAO Class messages - Spare Bedroom
INFO	2018-11-11 11:22:19,204	38	house.dao.DAO	[main]	DAO Class messages - Hayley Bedroom
INFO	2018-11-11 11:22:19,204	38	house.dao.DAO	[main]	DAO Class messages - Main Bathroom
INFO	2018-11-11 11:22:19,204	38	house.dao.DAO	[main]	DAO Class messages - Spare Bathroom
INFO	2018-11-11 11:22:19,204	38	house.dao.DAO	[main]	DAO Class messages - Garden
INFO	2018-11-11 11:24:25,119	125953	house.birdsview.Birdsview	[AWT-EventQueue-0]	Birdsview Class messages - Add Inventry Menu Item selected
INFO	2018-11-11 11:24:25,368	126202	house.birdsview.Birdsview	[AWT-EventQueue-0]	Birdsview Class messages - Setting up South Panel
INFO	2018-11-11 11:26:49,886	270720	house.inventry.AddInventryItem	[AWT-EventQueue-0]	Pressing the cancel button
INFO	2018-11-11 11:26:54,013	274847	house.inventry.AddInventryItem	[AWT-EventQueue-0]	Pressing the cancel button
INFO	2018-11-11 11:27:06,852	287686	house.birdsview.Birdsview	[AWT-EventQueue-0]	Birdsview Class messages - Quit menu item selected...
INFO	2018-11-11 13:06:22,931	0	house.dao.DAO	[main]	DAO Class messages - Connected to DB
INFO	2018-11-11 13:06:22,963	32	house.dao.DAO	[main]	DAO Class messages - Kitchen
INFO	2018-11-11 13:06:22,963	32	house.dao.DAO	[main]	DAO Class messages - Lounge
INFO	2018-11-11 13:06:22,963	32	house.dao.DAO	[main]	DAO Class messages - Dining Room
INFO	2018-11-11 13:06:22,963	32	house.dao.DAO	[main]	DAO Class messages - Garage
INFO	2018-11-11 13:06:22,963	32	house.dao.DAO	[main]	DAO Class messages - Downstairs Bathroom
INFO	2018-11-11 13:06:22,963	32	house.dao.DAO	[main]	DAO Class messages - Main Bedroom
INFO	2018-11-11 13:06:22,963	32	house.dao.DAO	[main]	DAO Class messages - Spare Bedroom
INFO	2018-11-11 13:06:22,963	32	house.dao.DAO	[main]	DAO Class messages - Hayley Bedroom
INFO	2018-11-11 13:06:22,963	32	house.dao.DAO	[main]	DAO Class messages - Main Bathroom
INFO	2018-11-11 13:06:22,963	32	house.dao.DAO	[main]	DAO Class messages - Spare Bathroom
INFO	2018-11-11 13:06:22,963	32	house.dao.DAO	[main]	DAO Class messages - Garden
INFO	2018-11-11 13:06:35,934	13003	house.birdsview.Birdsview	[AWT-EventQueue-0]	Birdsview Class messages - Quit menu item selected...
INFO	2018-11-11 13:07:44,579	0	house.dao.DAO	[main]	DAO Class messages - Connected to DB
INFO	2018-11-11 13:07:44,595	16	house.dao.DAO	[main]	DAO Class messages - Kitchen
INFO	2018-11-11 13:07:44,595	16	house.dao.DAO	[main]	DAO Class messages - Lounge
INFO	2018-11-11 13:07:44,595	16	house.dao.DAO	[main]	DAO Class messages - Dining Room
INFO	2018-11-11 13:07:44,595	16	house.dao.DAO	[main]	DAO Class messages - Garage
INFO	2018-11-11 13:07:44,595	16	house.dao.DAO	[main]	DAO Class messages - Downstairs Bathroom
INFO	2018-11-11 13:07:44,595	16	house.dao.DAO	[main]	DAO Class messages - Main Bedroom
INFO	2018-11-11 13:07:44,595	16	house.dao.DAO	[main]	DAO Class messages - Spare Bedroom
INFO	2018-11-11 13:07:44,595	16	house.dao.DAO	[main]	DAO Class messages - Hayley Bedroom
INFO	2018-11-11 13:07:44,595	16	house.dao.DAO	[main]	DAO Class messages - Main Bathroom
INFO	2018-11-11 13:07:44,595	16	house.dao.DAO	[main]	DAO Class messages - Spare Bathroom
INFO	2018-11-11 13:07:44,595	16	house.dao.DAO	[main]	DAO Class messages - Garden
INFO	2018-11-11 13:08:12,553	27974	house.birdsview.Birdsview	[AWT-EventQueue-0]	Birdsview Class messages - Quit menu item selected...
INFO	2018-11-11 13:09:35,330	0	house.dao.DAO	[main]	DAO Class messages - Connected to DB
INFO	2018-11-11 13:09:35,336	6	house.dao.DAO	[main]	DAO Class messages - Kitchen
INFO	2018-11-11 13:09:35,336	6	house.dao.DAO	[main]	DAO Class messages - Lounge
INFO	2018-11-11 13:09:35,336	6	house.dao.DAO	[main]	DAO Class messages - Dining Room
INFO	2018-11-11 13:09:35,336	6	house.dao.DAO	[main]	DAO Class messages - Garage
INFO	2018-11-11 13:09:35,336	6	house.dao.DAO	[main]	DAO Class messages - Downstairs Bathroom
INFO	2018-11-11 13:09:35,336	6	house.dao.DAO	[main]	DAO Class messages - Main Bedroom
INFO	2018-11-11 13:09:35,339	9	house.dao.DAO	[main]	DAO Class messages - Spare Bedroom
INFO	2018-11-11 13:09:35,339	9	house.dao.DAO	[main]	DAO Class messages - Hayley Bedroom
INFO	2018-11-11 13:09:35,339	9	house.dao.DAO	[main]	DAO Class messages - Main Bathroom
INFO	2018-11-11 13:09:35,339	9	house.dao.DAO	[main]	DAO Class messages - Spare Bathroom
INFO	2018-11-11 13:09:35,339	9	house.dao.DAO	[main]	DAO Class messages - Garden
INFO	2018-11-11 13:09:35,390	60	house.birdsview.MainPage	[main]	MainPage Class Message - Loading Main Page image
INFO	2018-11-11 13:09:42,285	6955	house.birdsview.Birdsview	[AWT-EventQueue-0]	Birdsview Class messages - Quit menu item selected...
INFO	2018-11-11 13:09:53,556	0	house.dao.DAO	[main]	DAO Class messages - Connected to DB
INFO	2018-11-11 13:09:53,572	16	house.dao.DAO	[main]	DAO Class messages - Kitchen
INFO	2018-11-11 13:09:53,572	16	house.dao.DAO	[main]	DAO Class messages - Lounge
INFO	2018-11-11 13:09:53,588	32	house.dao.DAO	[main]	DAO Class messages - Dining Room
INFO	2018-11-11 13:09:53,588	32	house.dao.DAO	[main]	DAO Class messages - Garage
INFO	2018-11-11 13:09:53,588	32	house.dao.DAO	[main]	DAO Class messages - Downstairs Bathroom
INFO	2018-11-11 13:09:53,588	32	house.dao.DAO	[main]	DAO Class messages - Main Bedroom
INFO	2018-11-11 13:09:53,588	32	house.dao.DAO	[main]	DAO Class messages - Spare Bedroom
INFO	2018-11-11 13:09:53,588	32	house.dao.DAO	[main]	DAO Class messages - Hayley Bedroom
INFO	2018-11-11 13:09:53,588	32	house.dao.DAO	[main]	DAO Class messages - Main Bathroom
INFO	2018-11-11 13:09:53,588	32	house.dao.DAO	[main]	DAO Class messages - Spare Bathroom
INFO	2018-11-11 13:09:53,588	32	house.dao.DAO	[main]	DAO Class messages - Garden
INFO	2018-11-11 13:09:53,657	101	house.birdsview.MainPage	[main]	MainPage Class Message - Loading Main Page image
INFO	2018-11-11 13:10:03,296	9740	house.birdsview.Birdsview	[AWT-EventQueue-0]	Birdsview Class messages - Quit menu item selected...
INFO	2018-11-11 14:24:14,029	0	house.dao.DAO	[main]	DAO Class messages - Connected to DB
INFO	2018-11-11 14:24:14,048	19	house.dao.DAO	[main]	DAO Class messages - Kitchen
INFO	2018-11-11 14:24:14,048	19	house.dao.DAO	[main]	DAO Class messages - Lounge
INFO	2018-11-11 14:24:14,048	19	house.dao.DAO	[main]	DAO Class messages - Dining Room
INFO	2018-11-11 14:24:14,048	19	house.dao.DAO	[main]	DAO Class messages - Garage
INFO	2018-11-11 14:24:14,048	19	house.dao.DAO	[main]	DAO Class messages - Downstairs Bathroom
INFO	2018-11-11 14:24:14,049	20	house.dao.DAO	[main]	DAO Class messages - Main Bedroom
INFO	2018-11-11 14:24:14,049	20	house.dao.DAO	[main]	DAO Class messages - Spare Bedroom
INFO	2018-11-11 14:24:14,049	20	house.dao.DAO	[main]	DAO Class messages - Hayley Bedroom
INFO	2018-11-11 14:24:14,049	20	house.dao.DAO	[main]	DAO Class messages - Main Bathroom
INFO	2018-11-11 14:24:14,049	20	house.dao.DAO	[main]	DAO Class messages - Spare Bathroom
INFO	2018-11-11 14:24:14,049	20	house.dao.DAO	[main]	DAO Class messages - Garden
INFO	2018-11-11 14:24:14,114	85	house.birdsview.MainPage	[main]	MainPage Class Message - Loading Main Page image
INFO	2018-11-11 14:24:23,442	9413	house.birdsview.Birdsview	[AWT-EventQueue-0]	Birdsview Class messages - Quit menu item selected...
INFO	2018-11-11 14:26:15,496	0	house.dao.DAO	[main]	DAO Class messages - Connected to DB
INFO	2018-11-11 14:26:15,496	0	house.dao.DAO	[main]	DAO Class messages - Kitchen
INFO	2018-11-11 14:26:15,496	0	house.dao.DAO	[main]	DAO Class messages - Lounge
INFO	2018-11-11 14:26:15,496	0	house.dao.DAO	[main]	DAO Class messages - Dining Room
INFO	2018-11-11 14:26:15,496	0	house.dao.DAO	[main]	DAO Class messages - Garage
INFO	2018-11-11 14:26:15,496	0	house.dao.DAO	[main]	DAO Class messages - Downstairs Bathroom
INFO	2018-11-11 14:26:15,496	0	house.dao.DAO	[main]	DAO Class messages - Main Bedroom
INFO	2018-11-11 14:26:15,496	0	house.dao.DAO	[main]	DAO Class messages - Spare Bedroom
INFO	2018-11-11 14:26:15,496	0	house.dao.DAO	[main]	DAO Class messages - Hayley Bedroom
INFO	2018-11-11 14:26:15,496	0	house.dao.DAO	[main]	DAO Class messages - Main Bathroom
INFO	2018-11-11 14:26:15,496	0	house.dao.DAO	[main]	DAO Class messages - Spare Bathroom
INFO	2018-11-11 14:26:15,496	0	house.dao.DAO	[main]	DAO Class messages - Garden
INFO	2018-11-11 14:26:15,528	32	house.birdsview.MainPage	[main]	MainPage Class Message - Loading Main Page image
INFO	2018-11-11 14:26:33,895	18399	house.birdsview.Birdsview	[AWT-EventQueue-0]	Birdsview Class messages - Quit menu item selected...
INFO	2018-11-11 14:27:12,281	0	house.dao.DAO	[main]	DAO Class messages - Connected to DB
INFO	2018-11-11 14:27:12,289	8	house.dao.DAO	[main]	DAO Class messages - Kitchen
INFO	2018-11-11 14:27:12,289	8	house.dao.DAO	[main]	DAO Class messages - Lounge
INFO	2018-11-11 14:27:12,289	8	house.dao.DAO	[main]	DAO Class messages - Dining Room
INFO	2018-11-11 14:27:12,289	8	house.dao.DAO	[main]	DAO Class messages - Garage
INFO	2018-11-11 14:27:12,289	8	house.dao.DAO	[main]	DAO Class messages - Downstairs Bathroom
INFO	2018-11-11 14:27:12,290	9	house.dao.DAO	[main]	DAO Class messages - Main Bedroom
INFO	2018-11-11 14:27:12,290	9	house.dao.DAO	[main]	DAO Class messages - Spare Bedroom
INFO	2018-11-11 14:27:12,290	9	house.dao.DAO	[main]	DAO Class messages - Hayley Bedroom
INFO	2018-11-11 14:27:12,290	9	house.dao.DAO	[main]	DAO Class messages - Main Bathroom
INFO	2018-11-11 14:27:12,290	9	house.dao.DAO	[main]	DAO Class messages - Spare Bathroom
INFO	2018-11-11 14:27:12,290	9	house.dao.DAO	[main]	DAO Class messages - Garden
INFO	2018-11-11 14:27:12,306	25	house.birdsview.MainPage	[main]	MainPage Class Message - Loading Main Page image
INFO	2018-11-11 14:27:26,394	14113	house.birdsview.Birdsview	[AWT-EventQueue-0]	Birdsview Class messages - Quit menu item selected...
INFO	2018-11-11 14:30:35,600	0	house.dao.DAO	[main]	DAO Class messages - Connected to DB
INFO	2018-11-11 14:30:35,612	12	house.dao.DAO	[main]	DAO Class messages - Kitchen
INFO	2018-11-11 14:30:35,612	12	house.dao.DAO	[main]	DAO Class messages - Lounge
INFO	2018-11-11 14:30:35,613	13	house.dao.DAO	[main]	DAO Class messages - Dining Room
INFO	2018-11-11 14:30:35,613	13	house.dao.DAO	[main]	DAO Class messages - Garage
INFO	2018-11-11 14:30:35,613	13	house.dao.DAO	[main]	DAO Class messages - Downstairs Bathroom
INFO	2018-11-11 14:30:35,613	13	house.dao.DAO	[main]	DAO Class messages - Main Bedroom
INFO	2018-11-11 14:30:35,614	14	house.dao.DAO	[main]	DAO Class messages - Spare Bedroom
INFO	2018-11-11 14:30:35,614	14	house.dao.DAO	[main]	DAO Class messages - Hayley Bedroom
INFO	2018-11-11 14:30:35,614	14	house.dao.DAO	[main]	DAO Class messages - Main Bathroom
INFO	2018-11-11 14:30:35,615	15	house.dao.DAO	[main]	DAO Class messages - Spare Bathroom
INFO	2018-11-11 14:30:35,615	15	house.dao.DAO	[main]	DAO Class messages - Garden
INFO	2018-11-11 14:30:35,671	71	house.birdsview.MainPage	[main]	MainPage Class Message - Loading Main Page image
INFO	2018-11-11 14:30:51,698	16098	house.birdsview.Birdsview	[AWT-EventQueue-0]	Birdsview Class messages - Add Inventry Menu Item selected
INFO	2018-11-11 14:30:51,871	16271	house.birdsview.Birdsview	[AWT-EventQueue-0]	Birdsview Class messages - Setting up South Panel
INFO	2018-11-11 14:30:57,534	21934	house.birdsview.Birdsview	[AWT-EventQueue-0]	Birdsview Class messages - Quit menu item selected...
INFO	2018-11-11 14:33:52,893	0	house.dao.DAO	[main]	DAO Class messages - Connected to DB
INFO	2018-11-11 14:33:52,899	6	house.dao.DAO	[main]	DAO Class messages - Kitchen
INFO	2018-11-11 14:33:52,899	6	house.dao.DAO	[main]	DAO Class messages - Lounge
INFO	2018-11-11 14:33:52,899	6	house.dao.DAO	[main]	DAO Class messages - Dining Room
INFO	2018-11-11 14:33:52,899	6	house.dao.DAO	[main]	DAO Class messages - Garage
INFO	2018-11-11 14:33:52,899	6	house.dao.DAO	[main]	DAO Class messages - Downstairs Bathroom
INFO	2018-11-11 14:33:52,899	6	house.dao.DAO	[main]	DAO Class messages - Main Bedroom
INFO	2018-11-11 14:33:52,899	6	house.dao.DAO	[main]	DAO Class messages - Spare Bedroom
INFO	2018-11-11 14:33:52,900	7	house.dao.DAO	[main]	DAO Class messages - Hayley Bedroom
INFO	2018-11-11 14:33:52,900	7	house.dao.DAO	[main]	DAO Class messages - Main Bathroom
INFO	2018-11-11 14:33:52,900	7	house.dao.DAO	[main]	DAO Class messages - Spare Bathroom
INFO	2018-11-11 14:33:52,900	7	house.dao.DAO	[main]	DAO Class messages - Garden
INFO	2018-11-11 14:33:52,927	34	house.birdsview.MainPage	[main]	MainPage Class Message - Loading Main Page image
INFO	2018-11-11 14:33:57,731	4838	house.birdsview.Birdsview	[AWT-EventQueue-0]	Birdsview Class messages - Add Inventry Menu Item selected
INFO	2018-11-11 14:33:57,903	5010	house.birdsview.Birdsview	[AWT-EventQueue-0]	Birdsview Class messages - Setting up South Panel
INFO	2018-11-11 14:34:15,687	22794	house.inventry.AddInventryItem	[AWT-EventQueue-0]	Pressing the cancel button
INFO	2018-11-11 14:34:15,702	22809	house.birdsview.MainPage	[AWT-EventQueue-0]	MainPage Class Message - Loading Main Page image
INFO	2018-11-11 14:35:01,097	68204	house.birdsview.Birdsview	[AWT-EventQueue-0]	Birdsview Class messages - Quit menu item selected...
